#
# There is insufficient memory for the Java Runtime Environment to continue.
# Native memory allocation (malloc) failed to allocate 1048576 bytes for AllocateHeap
# Possible reasons:
#   The system is out of physical RAM or swap space
#   In 32 bit mode, the process size limit was hit
# Possible solutions:
#   Reduce memory load on the system
#   Increase physical memory or swap space
#   Check if swap backing store is full
#   Use 64 bit Java on a 64 bit OS
#   Decrease Java heap size (-Xmx/-Xms)
#   Decrease number of Java threads
#   Decrease Java thread stack sizes (-Xss)
#   Set larger code cache with -XX:ReservedCodeCacheSize=
# This output file may be truncated or incomplete.
#
#  Out of Memory Error (memory/allocation.inline.hpp:61), pid=1136, tid=0x000000000000188c
#
# JRE version:  (8.0_121-b13) (build )
# Java VM: Java HotSpot(TM) 64-Bit Server VM (25.121-b13 mixed mode windows-amd64 compressed oops)
# Failed to write core dump. Minidumps are not enabled by default on client versions of Windows
#

---------------  T H R E A D  ---------------

Current thread (0x000000000246e000):  JavaThread "Unknown thread" [_thread_in_vm, id=6284, stack(0x0000000002480000,0x0000000002580000)]

Stack: [0x0000000002480000,0x0000000002580000]
[error occurred during error reporting (printing stack bounds), id 0xc0000005]

Native frames: (J=compiled Java code, j=interpreted, Vv=VM code, C=native code)


---------------  P R O C E S S  ---------------

Java Threads: ( => current thread )

Other Threads:

=>0x000000000246e000 (exited) JavaThread "Unknown thread" [_thread_in_vm, id=6284, stack(0x0000000002480000,0x0000000002580000)]

VM state:not at safepoint (normal execution)

VM Mutex/Monitor currently owned by a thread: None

Heap:
 PSYoungGen      total 18432K, used 317K [0x00000000eb600000, 0x00000000eca80000, 0x0000000100000000)
  eden space 15872K, 2% used [0x00000000eb600000,0x00000000eb64f5d0,0x00000000ec580000)
  from space 2560K, 0% used [0x00000000ec800000,0x00000000ec800000,0x00000000eca80000)
  to   space 2560K, 0% used [0x00000000ec580000,0x00000000ec580000,0x00000000ec800000)
 ParOldGen       total 42496K, used 0K [0x00000000c2200000, 0x00000000c4b80000, 0x00000000eb600000)
  object space 42496K, 0% used [0x00000000c2200000,0x00000000c2200000,0x00000000c4b80000)
 Metaspace       used 770K, capacity 4480K, committed 4480K, reserved 1056768K
  class space    used 75K, capacity 384K, committed 384K, reserved 1048576K

Card table byte_map: [0x0000000011ce0000,0x0000000011ed0000] byte_map_base: 0x00000000116cf000

Marking Bits: (ParMarkBitMap*) 0x000000006791b6d0
 Begin Bits: [0x00000000127a0000, 0x0000000013718000)
 End Bits:   [0x0000000013718000, 0x0000000014690000)

Polling page: 0x0000000000230000

CodeCache: size=245760Kb used=327Kb max_used=327Kb free=245432Kb
 bounds [0x0000000002920000, 0x0000000002b90000, 0x0000000011920000]
 total_blobs=57 nmethods=0 adapters=38
 compilation: enabled

Compilation events (0 events):
No events

GC Heap History (0 events):
No events

Deoptimization events (0 events):
No events

Internal exceptions (0 events):
No events

Events (10 events):
Event: 0.069 loading class java/lang/Short
Event: 0.069 loading class java/lang/Short done
Event: 0.069 loading class java/lang/Integer
Event: 0.069 loading class java/lang/Integer done
Event: 0.069 loading class java/lang/Long
Event: 0.070 loading class java/lang/Long done
Event: 0.071 loading class java/lang/NullPointerException
Event: 0.071 loading class java/lang/NullPointerException done
Event: 0.071 loading class java/lang/ArithmeticException
Event: 0.071 loading class java/lang/ArithmeticException done


Dynamic libraries:
0x000000013fbe0000 - 0x000000013fc17000 	C:\Program Files\Android\Android Studio\jdk1.8.0_121\bin\java.exe
0x0000000077c20000 - 0x0000000077dc9000 	C:\Windows\SYSTEM32\ntdll.dll
0x0000000077b00000 - 0x0000000077c1f000 	C:\Windows\system32\kernel32.dll
0x000007fefdd60000 - 0x000007fefddcb000 	C:\Windows\system32\KERNELBASE.dll
0x000007fefebf0000 - 0x000007fefeccb000 	C:\Windows\system32\ADVAPI32.dll
0x000007fefe4f0000 - 0x000007fefe58f000 	C:\Windows\system32\msvcrt.dll
0x000007fefe020000 - 0x000007fefe03f000 	C:\Windows\SYSTEM32\sechost.dll
0x000007fefe040000 - 0x000007fefe16d000 	C:\Windows\system32\RPCRT4.dll
0x0000000077a00000 - 0x0000000077afa000 	C:\Windows\system32\USER32.dll
0x000007fefdf40000 - 0x000007fefdfa7000 	C:\Windows\system32\GDI32.dll
0x000007fefe010000 - 0x000007fefe01e000 	C:\Windows\system32\LPK.dll
0x000007fefe420000 - 0x000007fefe4e9000 	C:\Windows\system32\USP10.dll
0x000007fefc220000 - 0x000007fefc414000 	C:\Windows\WinSxS\amd64_microsoft.windows.common-controls_6595b64144ccf1df_6.0.7601.17514_none_fa396087175ac9ac\COMCTL32.dll
0x000007fefe3a0000 - 0x000007fefe411000 	C:\Windows\system32\SHLWAPI.dll
0x000007fefe8a0000 - 0x000007fefe8ce000 	C:\Windows\system32\IMM32.DLL
0x000007fefe710000 - 0x000007fefe819000 	C:\Windows\system32\MSCTF.dll
0x0000000068a00000 - 0x0000000068ad2000 	C:\Program Files\Android\Android Studio\jdk1.8.0_121\jre\bin\msvcr100.dll
0x0000000067100000 - 0x000000006799b000 	C:\Program Files\Android\Android Studio\jdk1.8.0_121\jre\bin\server\jvm.dll
0x000007fefaa60000 - 0x000007fefaa69000 	C:\Windows\system32\WSOCK32.dll
0x000007fefe170000 - 0x000007fefe1bd000 	C:\Windows\system32\WS2_32.dll
0x000007fefff20000 - 0x000007fefff28000 	C:\Windows\system32\NSI.dll
0x000007fefb5d0000 - 0x000007fefb60b000 	C:\Windows\system32\WINMM.dll
0x000007fefccc0000 - 0x000007fefcccc000 	C:\Windows\system32\VERSION.dll
0x0000000077de0000 - 0x0000000077de7000 	C:\Windows\system32\PSAPI.DLL
0x0000000073dc0000 - 0x0000000073dcf000 	C:\Program Files\Android\Android Studio\jdk1.8.0_121\jre\bin\verify.dll
0x0000000073c30000 - 0x0000000073c59000 	C:\Program Files\Android\Android Studio\jdk1.8.0_121\jre\bin\java.dll
0x0000000073c70000 - 0x0000000073c86000 	C:\Program Files\Android\Android Studio\jdk1.8.0_121\jre\bin\zip.dll

VM Arguments:
jvm_args: -Djava.awt.headless=true -Dfile.encoding=windows-1252 -Duser.country=US -Duser.language=en -Duser.variant 
java_command: com.android.multidex.ClassReferenceListBuilder C:\Namrata\AndroidApps\Finrest\app\build\intermediates\multi-dex\debug\componentClasses.jar C:\Namrata\AndroidApps\Finrest\app\build\intermediates\transforms\jarMerging\debug\jars\1\1f\combined.jar
java_class_path (initial): C:\Users\namrata.s\AppData\Local\Android\Sdk\build-tools\25.0.2\lib\dx.jar
Launcher Type: SUN_STANDARD

Environment Variables:
PATH=C:\ProgramData\Oracle\Java\javapath;C:\Windows\system32;C:\Windows;C:\Windows\System32\Wbem;C:\Windows\System32\WindowsPowerShell\v1.0\;C:\Program Files\Intel\DMIX;C:\Program Files\Intel\WiFi\bin\;C:\Program Files\Common Files\Intel\WirelessCommon\;C:\Program Files\Microsoft SQL Server\Client SDK\ODBC\110\Tools\Binn\;C:\Program Files (x86)\Microsoft SQL Server\120\Tools\Binn\;C:\Program Files\Microsoft SQL Server\120\Tools\Binn\;C:\Program Files\Microsoft SQL Server\120\DTS\Binn\;C:\Program Files (x86)\Microsoft SQL Server\120\Tools\Binn\ManagementStudio\;C:\Program Files (x86)\Microsoft SQL Server\120\DTS\Binn\
USERNAME=namrata.s
OS=Windows_NT
PROCESSOR_IDENTIFIER=Intel64 Family 6 Model 37 Stepping 5, GenuineIntel



---------------  S Y S T E M  ---------------

OS: Windows 7 , 64 bit Build 7601 (6.1.7601.17514)

CPU:total 4 (2 cores per cpu, 2 threads per core) family 6 model 37 stepping 5, cmov, cx8, fxsr, mmx, sse, sse2, sse3, ssse3, sse4.1, sse4.2, popcnt, aes, clmul, ht, tsc, tscinvbit

Memory: 4k page, physical 4052840k(1221372k free), swap 8220112k(5480k free)

vm_info: Java HotSpot(TM) 64-Bit Server VM (25.121-b13) for windows-amd64 JRE (1.8.0_121-b13), built on Dec 12 2016 18:21:36 by "java_re" with MS VC++ 10.0 (VS2010)

time: Sat Feb 25 09:39:55 2017
elapsed time: 0 seconds (0d 0h 0m 0s)

